start sorting
/input/data-20GB.in

input file size:20000000000
creating chunks
/input/data-20GB.in

writing in file:1

writing in file:2

writing in file:3

writing in file:4

writing in file:5

writing in file:6

writing in file:7

writing in file:8

writing in file:9

writing in file:10

writing in file:11

writing in file:12

writing in file:13

writing in file:14

writing in file:15

writing in file:16

writing in file:17

writing in file:18

writing in file:19

writing in file:20

writing in file:21

writing in file:22

writing in file:23

writing in file:24

writing in file:25

writing in file:26

writing in file:27

writing in file:28

writing in file:29

writing in file:30

writing in file:31

writing in file:32

writing in file:33

writing in file:34

writing in file:35

writing in file:36

writing in file:37

writing in file:38

writing in file:39

writing in file:40

writing in file:41

writing in file:42

writing in file:43

writing in file:44

writing in file:45

writing in file:46

writing in file:47

writing in file:48

writing in file:49

writing in file:50

writing in file:51

writing in file:52

writing in file:53

writing in file:54

writing in file:55

writing in file:56

writing in file:57

writing in file:58

writing in file:59

writing in file:60

writing in file:61

writing in file:62

writing in file:63

writing in file:64

writing in file:65

writing in file:66

writing in file:67

writing in file:68

writing in file:69

writing in file:70

writing in file:71

writing in file:72

writing in file:73

writing in file:74

writing in file:75

writing in file:76

writing in file:77

writing in file:78

writing in file:79

writing in file:80

writing in file:81

writing in file:82

writing in file:83

writing in file:84

writing in file:85

writing in file:86

writing in file:87

writing in file:88

writing in file:89

writing in file:90

writing in file:91

writing in file:92

writing in file:93

writing in file:94

writing in file:95

writing in file:96

writing in file:97

writing in file:98

writing in file:99

writing in file:100

writing in file:101

writing in file:102

writing in file:103

writing in file:104

writing in file:105

writing in file:106

writing in file:107

writing in file:108

writing in file:109

writing in file:110

writing in file:111

writing in file:112

writing in file:113

writing in file:114

writing in file:115

writing in file:116

writing in file:117

writing in file:118

writing in file:119

writing in file:120

writing in file:121

writing in file:122

writing in file:123

writing in file:124

writing in file:125

writing in file:126

writing in file:127

writing in file:128

writing in file:129

writing in file:130

writing in file:131

writing in file:132

writing in file:133

writing in file:134

writing in file:135

writing in file:136

writing in file:137

writing in file:138

writing in file:139

writing in file:140

writing in file:141

writing in file:142

writing in file:143

writing in file:144

writing in file:145

writing in file:146

writing in file:147

writing in file:148

writing in file:149

writing in file:150

writing in file:151

writing in file:152

writing in file:153

writing in file:154

writing in file:155

writing in file:156

writing in file:157

writing in file:158

writing in file:159

writing in file:160

writing in file:161

writing in file:162

writing in file:163

writing in file:164

writing in file:165

writing in file:166

writing in file:167

writing in file:168

writing in file:169

writing in file:170

writing in file:171

writing in file:172

writing in file:173

writing in file:174

writing in file:175

writing in file:176

writing in file:177

writing in file:178

writing in file:179

writing in file:180

writing in file:181

writing in file:182

writing in file:183

writing in file:184

writing in file:185

writing in file:186

writing in file:187

writing in file:188

writing in file:189

writing in file:190

writing in file:191

writing in file:192

writing in file:193

writing in file:194

writing in file:195

writing in file:196

writing in file:197

writing in file:198

writing in file:199

writing in file:200

writing in file:201

writing in file:202

writing in file:203

writing in file:204

writing in file:205

writing in file:206

writing in file:207

writing in file:208

writing in file:209

writing in file:210

writing in file:211

writing in file:212

writing in file:213

writing in file:214

writing in file:215

writing in file:216

writing in file:217

writing in file:218

writing in file:219

writing in file:220

writing in file:221

writing in file:222

writing in file:223

writing in file:224

writing in file:225

writing in file:226

writing in file:227

writing in file:228

writing in file:229

writing in file:230

writing in file:231

writing in file:232

writing in file:233

writing in file:234

writing in file:235

writing in file:236

writing in file:237

writing in file:238

writing in file:239

writing in file:240

writing in file:241

writing in file:242

writing in file:243

writing in file:244

writing in file:245

writing in file:246

writing in file:247

writing in file:248

writing in file:249

writing in file:250

writing in file:251

writing in file:252

writing in file:253

writing in file:254

writing in file:255

writing in file:256

writing in file:257

writing in file:258

writing in file:259

writing in file:260

writing in file:261

writing in file:262

writing in file:263

writing in file:264

writing in file:265

writing in file:266

writing in file:267

writing in file:268

writing in file:269

writing in file:270

writing in file:271

writing in file:272

writing in file:273

writing in file:274

writing in file:275

writing in file:276

writing in file:277

writing in file:278

writing in file:279

writing in file:280

writing in file:281

writing in file:282

writing in file:283

writing in file:284

writing in file:285

writing in file:286

writing in file:287

writing in file:288

writing in file:289

writing in file:290

writing in file:291

writing in file:292

writing in file:293

writing in file:294

writing in file:295

writing in file:296

writing in file:297

writing in file:298

writing in file:299

writing in file:300

writing in file:301

writing in file:302

writing in file:303

writing in file:304

writing in file:305

writing in file:306

writing in file:307

writing in file:308

writing in file:309

writing in file:310

writing in file:311

writing in file:312

writing in file:313

writing in file:314

writing in file:315

writing in file:316

writing in file:317

writing in file:318

writing in file:319

writing in file:320

writing in file:321

writing in file:322

writing in file:323

writing in file:324

writing in file:325

writing in file:326

writing in file:327

writing in file:328

writing in file:329

writing in file:330

writing in file:331

writing in file:332

writing in file:333

writing in file:334

writing in file:335

writing in file:336

writing in file:337

writing in file:338

writing in file:339

writing in file:340

writing in file:341

writing in file:342

writing in file:343

writing in file:344

writing in file:345

writing in file:346

writing in file:347

writing in file:348

writing in file:349

writing in file:350

writing in file:351

writing in file:352

writing in file:353

writing in file:354

writing in file:355

writing in file:356

writing in file:357

writing in file:358

writing in file:359

writing in file:360

writing in file:361

writing in file:362

writing in file:363

writing in file:364

writing in file:365

writing in file:366

writing in file:367

writing in file:368

writing in file:369

writing in file:370

writing in file:371

writing in file:372

writing in file:373

writing in file:374

writing in file:375

writing in file:376

writing in file:377

writing in file:378

writing in file:379

writing in file:380

writing in file:381

writing in file:382

writing in file:383

writing in file:384

writing in file:385

writing in file:386

writing in file:387

writing in file:388

writing in file:389

writing in file:390

writing in file:391

writing in file:392

writing in file:393

writing in file:394

writing in file:395

writing in file:396

writing in file:397

writing in file:398

writing in file:399

writing in file:400

writing in file:401

writing in file:402

writing in file:403

writing in file:404

writing in file:405

writing in file:406

writing in file:407

writing in file:408

writing in file:409

writing in file:410

writing in file:411

writing in file:412

writing in file:413

writing in file:414

writing in file:415

writing in file:416

writing in file:417

writing in file:418

writing in file:419

writing in file:420

writing in file:421

writing in file:422

writing in file:423

writing in file:424

writing in file:425

writing in file:426

writing in file:427

writing in file:428

writing in file:429

writing in file:430

writing in file:431

writing in file:432

writing in file:433

writing in file:434

writing in file:435

writing in file:436

writing in file:437

writing in file:438

writing in file:439

writing in file:440

writing in file:441

writing in file:442

writing in file:443

writing in file:444

writing in file:445

writing in file:446

writing in file:447

writing in file:448

writing in file:449

writing in file:450

writing in file:451

writing in file:452

writing in file:453

writing in file:454

writing in file:455

writing in file:456

writing in file:457

writing in file:458

writing in file:459

writing in file:460

writing in file:461

writing in file:462

writing in file:463

writing in file:464

writing in file:465

writing in file:466

writing in file:467

writing in file:468

writing in file:469

writing in file:470

writing in file:471

writing in file:472

writing in file:473

writing in file:474

writing in file:475

writing in file:476

writing in file:477

writing in file:478

writing in file:479

writing in file:480

writing in file:481

writing in file:482

writing in file:483

writing in file:484

writing in file:485

writing in file:486

writing in file:487

writing in file:488

writing in file:489

writing in file:490

writing in file:491

writing in file:492

writing in file:493

writing in file:494

writing in file:495

writing in file:496

writing in file:497

writing in file:498

writing in file:499

writing in file:500

file sorted written:/tmp/sorted/138.txt

file sorted written:/tmp/sorted/489.txt

file sorted written:/tmp/sorted/237.txt

file sorted written:/tmp/sorted/398.txt

file sorted written:/tmp/sorted/204.txt

file sorted written:/tmp/sorted/296.txt

file sorted written:/tmp/sorted/187.txt

file sorted written:/tmp/sorted/392.txt

file sorted written:/tmp/sorted/492.txt

file sorted written:/tmp/sorted/227.txt

file sorted written:/tmp/sorted/232.txt

file sorted written:/tmp/sorted/231.txt

file sorted written:/tmp/sorted/145.txt

file sorted written:/tmp/sorted/236.txt

file sorted written:/tmp/sorted/173.txt

file sorted written:/tmp/sorted/225.txt

file sorted written:/tmp/sorted/351.txt

file sorted written:/tmp/sorted/474.txt

file sorted written:/tmp/sorted/63.txt

file sorted written:/tmp/sorted/125.txt

file sorted written:/tmp/sorted/292.txt

file sorted written:/tmp/sorted/295.txt

file sorted written:/tmp/sorted/278.txt

file sorted written:/tmp/sorted/113.txt

file sorted written:/tmp/sorted/298.txt

file sorted written:/tmp/sorted/44.txt

file sorted written:/tmp/sorted/182.txt

file sorted written:/tmp/sorted/432.txt

file sorted written:/tmp/sorted/388.txt

file sorted written:/tmp/sorted/451.txt

file sorted written:/tmp/sorted/196.txt

file sorted written:/tmp/sorted/368.txt

file sorted written:/tmp/sorted/319.txt

file sorted written:/tmp/sorted/82.txt

file sorted written:/tmp/sorted/62.txt

file sorted written:/tmp/sorted/469.txt

file sorted written:/tmp/sorted/195.txt

file sorted written:/tmp/sorted/440.txt

file sorted written:/tmp/sorted/83.txt

file sorted written:/tmp/sorted/52.txt

file sorted written:/tmp/sorted/460.txt

file sorted written:/tmp/sorted/405.txt

file sorted written:/tmp/sorted/475.txt

file sorted written:/tmp/sorted/55.txt

file sorted written:/tmp/sorted/320.txt

file sorted written:/tmp/sorted/332.txt

file sorted written:/tmp/sorted/485.txt

file sorted written:/tmp/sorted/470.txt

file sorted written:/tmp/sorted/170.txt

file sorted written:/tmp/sorted/221.txt

file sorted written:/tmp/sorted/192.txt

file sorted written:/tmp/sorted/265.txt

file sorted written:/tmp/sorted/342.txt

file sorted written:/tmp/sorted/104.txt

file sorted written:/tmp/sorted/76.txt

file sorted written:/tmp/sorted/175.txt

file sorted written:/tmp/sorted/381.txt

file sorted written:/tmp/sorted/490.txt

file sorted written:/tmp/sorted/116.txt

file sorted written:/tmp/sorted/476.txt

file sorted written:/tmp/sorted/240.txt

file sorted written:/tmp/sorted/8.txt

file sorted written:/tmp/sorted/410.txt

file sorted written:/tmp/sorted/60.txt

file sorted written:/tmp/sorted/146.txt

file sorted written:/tmp/sorted/180.txt

file sorted written:/tmp/sorted/162.txt

file sorted written:/tmp/sorted/271.txt

file sorted written:/tmp/sorted/86.txt

file sorted written:/tmp/sorted/124.txt

file sorted written:/tmp/sorted/275.txt

file sorted written:/tmp/sorted/112.txt

file sorted written:/tmp/sorted/254.txt

file sorted written:/tmp/sorted/14.txt

file sorted written:/tmp/sorted/311.txt

file sorted written:/tmp/sorted/174.txt

file sorted written:/tmp/sorted/126.txt

file sorted written:/tmp/sorted/56.txt

file sorted written:/tmp/sorted/215.txt

file sorted written:/tmp/sorted/159.txt

file sorted written:/tmp/sorted/165.txt

file sorted written:/tmp/sorted/161.txt

file sorted written:/tmp/sorted/23.txt

file sorted written:/tmp/sorted/430.txt

file sorted written:/tmp/sorted/459.txt

file sorted written:/tmp/sorted/208.txt

file sorted written:/tmp/sorted/335.txt

file sorted written:/tmp/sorted/288.txt

file sorted written:/tmp/sorted/209.txt

file sorted written:/tmp/sorted/343.txt

file sorted written:/tmp/sorted/349.txt

file sorted written:/tmp/sorted/353.txt

file sorted written:/tmp/sorted/408.txt

file sorted written:/tmp/sorted/422.txt

file sorted written:/tmp/sorted/425.txt

file sorted written:/tmp/sorted/376.txt

file sorted written:/tmp/sorted/473.txt

file sorted written:/tmp/sorted/443.txt

file sorted written:/tmp/sorted/248.txt

file sorted written:/tmp/sorted/140.txt

file sorted written:/tmp/sorted/245.txt

file sorted written:/tmp/sorted/4.txt

file sorted written:/tmp/sorted/205.txt

file sorted written:/tmp/sorted/439.txt

file sorted written:/tmp/sorted/235.txt

file sorted written:/tmp/sorted/366.txt

file sorted written:/tmp/sorted/433.txt

file sorted written:/tmp/sorted/153.txt

file sorted written:/tmp/sorted/287.txt

file sorted written:/tmp/sorted/301.txt

file sorted written:/tmp/sorted/226.txt

file sorted written:/tmp/sorted/290.txt

file sorted written:/tmp/sorted/46.txt

file sorted written:/tmp/sorted/3.txt

file sorted written:/tmp/sorted/484.txt

file sorted written:/tmp/sorted/377.txt

file sorted written:/tmp/sorted/36.txt

file sorted written:/tmp/sorted/276.txt

file sorted written:/tmp/sorted/286.txt

file sorted written:/tmp/sorted/352.txt

file sorted written:/tmp/sorted/149.txt

file sorted written:/tmp/sorted/47.txt

file sorted written:/tmp/sorted/10.txt

file sorted written:/tmp/sorted/9.txt

file sorted written:/tmp/sorted/488.txt

file sorted written:/tmp/sorted/255.txt

file sorted written:/tmp/sorted/466.txt

file sorted written:/tmp/sorted/101.txt

file sorted written:/tmp/sorted/58.txt

file sorted written:/tmp/sorted/38.txt

file sorted written:/tmp/sorted/434.txt

file sorted written:/tmp/sorted/393.txt

file sorted written:/tmp/sorted/65.txt

file sorted written:/tmp/sorted/246.txt

file sorted written:/tmp/sorted/305.txt

file sorted written:/tmp/sorted/32.txt

file sorted written:/tmp/sorted/120.txt

file sorted written:/tmp/sorted/291.txt

file sorted written:/tmp/sorted/21.txt

file sorted written:/tmp/sorted/348.txt

file sorted written:/tmp/sorted/139.txt

file sorted written:/tmp/sorted/37.txt

file sorted written:/tmp/sorted/326.txt

file sorted written:/tmp/sorted/207.txt

file sorted written:/tmp/sorted/164.txt

file sorted written:/tmp/sorted/84.txt

file sorted written:/tmp/sorted/327.txt

file sorted written:/tmp/sorted/494.txt

file sorted written:/tmp/sorted/95.txt

file sorted written:/tmp/sorted/496.txt

file sorted written:/tmp/sorted/263.txt

file sorted written:/tmp/sorted/163.txt

file sorted written:/tmp/sorted/404.txt

file sorted written:/tmp/sorted/71.txt

file sorted written:/tmp/sorted/378.txt

file sorted written:/tmp/sorted/201.txt

file sorted written:/tmp/sorted/448.txt

file sorted written:/tmp/sorted/415.txt

file sorted written:/tmp/sorted/250.txt

file sorted written:/tmp/sorted/357.txt

file sorted written:/tmp/sorted/75.txt

file sorted written:/tmp/sorted/148.txt

file sorted written:/tmp/sorted/260.txt

file sorted written:/tmp/sorted/269.txt

file sorted written:/tmp/sorted/54.txt

file sorted written:/tmp/sorted/435.txt

file sorted written:/tmp/sorted/262.txt

file sorted written:/tmp/sorted/152.txt

file sorted written:/tmp/sorted/17.txt

file sorted written:/tmp/sorted/114.txt

file sorted written:/tmp/sorted/461.txt

file sorted written:/tmp/sorted/309.txt

file sorted written:/tmp/sorted/345.txt

file sorted written:/tmp/sorted/93.txt

file sorted written:/tmp/sorted/69.txt

file sorted written:/tmp/sorted/211.txt

file sorted written:/tmp/sorted/64.txt

file sorted written:/tmp/sorted/444.txt

file sorted written:/tmp/sorted/176.txt

file sorted written:/tmp/sorted/303.txt

file sorted written:/tmp/sorted/179.txt

file sorted written:/tmp/sorted/390.txt

file sorted written:/tmp/sorted/449.txt

file sorted written:/tmp/sorted/128.txt

file sorted written:/tmp/sorted/424.txt

file sorted written:/tmp/sorted/77.txt

file sorted written:/tmp/sorted/403.txt

file sorted written:/tmp/sorted/293.txt

file sorted written:/tmp/sorted/206.txt

file sorted written:/tmp/sorted/102.txt

file sorted written:/tmp/sorted/135.txt

file sorted written:/tmp/sorted/312.txt

file sorted written:/tmp/sorted/137.txt

file sorted written:/tmp/sorted/329.txt

file sorted written:/tmp/sorted/407.txt

file sorted written:/tmp/sorted/57.txt

file sorted written:/tmp/sorted/210.txt

file sorted written:/tmp/sorted/454.txt

file sorted written:/tmp/sorted/80.txt

file sorted written:/tmp/sorted/382.txt

file sorted written:/tmp/sorted/283.txt

file sorted written:/tmp/sorted/81.txt

file sorted written:/tmp/sorted/350.txt

file sorted written:/tmp/sorted/417.txt

file sorted written:/tmp/sorted/78.txt

file sorted written:/tmp/sorted/6.txt

file sorted written:/tmp/sorted/30.txt

file sorted written:/tmp/sorted/341.txt

file sorted written:/tmp/sorted/33.txt

file sorted written:/tmp/sorted/347.txt

file sorted written:/tmp/sorted/372.txt

file sorted written:/tmp/sorted/426.txt

file sorted written:/tmp/sorted/316.txt

file sorted written:/tmp/sorted/370.txt

file sorted written:/tmp/sorted/402.txt

file sorted written:/tmp/sorted/310.txt




file sorted written:/tmp/sorted/97.txt

file sorted written:/tmp/sorted/458.txt

file sorted written:/tmp/sorted/178.txt

file sorted written:/tmp/sorted/13.txt

file sorted written:/tmp/sorted/61.txt

file sorted written:/tmp/sorted/498.txt

file sorted written:/tmp/sorted/297.txt

file sorted written:/tmp/sorted/28.txt

file sorted written:/tmp/sorted/34.txt

file sorted written:/tmp/sorted/463.txt

file sorted written:/tmp/sorted/364.txt

file sorted written:/tmp/sorted/361.txt

file sorted written:/tmp/sorted/493.txt

file sorted written:/tmp/sorted/25.txt

file sorted written:/tmp/sorted/322.txt

file sorted written:/tmp/sorted/477.txt

file sorted written:/tmp/sorted/198.txt

file sorted written:/tmp/sorted/400.txt

file sorted written:/tmp/sorted/429.txt

file sorted written:/tmp/sorted/373.txt

file sorted written:/tmp/sorted/31.txt

file sorted written:/tmp/sorted/266.txt

file sorted written:/tmp/sorted/103.txt

file sorted written:/tmp/sorted/465.txt

file sorted written:/tmp/sorted/249.txt

file sorted written:/tmp/sorted/171.txt

file sorted written:/tmp/sorted/304.txt

file sorted written:/tmp/sorted/219.txt

file sorted written:/tmp/sorted/306.txt

file sorted written:/tmp/sorted/177.txt

file sorted written:/tmp/sorted/109.txt

file sorted written:/tmp/sorted/167.txt

file sorted written:/tmp/sorted/169.txt

file sorted written:/tmp/sorted/294.txt

file sorted written:/tmp/sorted/317.txt

file sorted written:/tmp/sorted/467.txt

file sorted written:/tmp/sorted/384.txt

file sorted written:/tmp/sorted/133.txt

file sorted written:/tmp/sorted/200.txt

file sorted written:/tmp/sorted/186.txt

file sorted written:/tmp/sorted/289.txt

file sorted written:/tmp/sorted/334.txt

file sorted written:/tmp/sorted/482.txt

file sorted written:/tmp/sorted/340.txt

file sorted written:/tmp/sorted/264.txt

file sorted written:/tmp/sorted/85.txt

file sorted written:/tmp/sorted/11.txt

file sorted written:/tmp/sorted/487.txt

file sorted written:/tmp/sorted/247.txt

file sorted written:/tmp/sorted/168.txt

file sorted written:/tmp/sorted/194.txt

file sorted written:/tmp/sorted/27.txt

file sorted written:/tmp/sorted/43.txt

file sorted written:/tmp/sorted/134.txt

file sorted written:/tmp/sorted/185.txt

file sorted written:/tmp/sorted/375.txt

file sorted written:/tmp/sorted/91.txt

file sorted written:/tmp/sorted/495.txt

file sorted written:/tmp/sorted/118.txt

file sorted written:/tmp/sorted/427.txt

file sorted written:/tmp/sorted/230.txt

file sorted written:/tmp/sorted/239.txt

file sorted written:/tmp/sorted/223.txt

file sorted written:/tmp/sorted/123.txt

file sorted written:/tmp/sorted/436.txt

file sorted written:/tmp/sorted/251.txt

file sorted written:/tmp/sorted/222.txt

file sorted written:/tmp/sorted/40.txt

file sorted written:/tmp/sorted/318.txt

file sorted written:/tmp/sorted/468.txt

file sorted written:/tmp/sorted/471.txt

file sorted written:/tmp/sorted/141.txt

file sorted written:/tmp/sorted/41.txt

file sorted written:/tmp/sorted/45.txt

file sorted written:/tmp/sorted/462.txt

file sorted written:/tmp/sorted/228.txt

file sorted written:/tmp/sorted/26.txt

file sorted written:/tmp/sorted/234.txt

file sorted written:/tmp/sorted/419.txt

file sorted written:/tmp/sorted/355.txt

file sorted written:/tmp/sorted/122.txt

file sorted written:/tmp/sorted/399.txt

file sorted written:/tmp/sorted/68.txt

file sorted written:/tmp/sorted/213.txt

file sorted written:/tmp/sorted/272.txt

file sorted written:/tmp/sorted/79.txt

file sorted written:/tmp/sorted/108.txt

file sorted written:/tmp/sorted/100.txt

file sorted written:/tmp/sorted/360.txt

file sorted written:/tmp/sorted/256.txt

file sorted written:/tmp/sorted/166.txt

file sorted written:/tmp/sorted/19.txt

file sorted written:/tmp/sorted/241.txt

file sorted written:/tmp/sorted/29.txt

file sorted written:/tmp/sorted/94.txt

file sorted written:/tmp/sorted/242.txt

file sorted written:/tmp/sorted/73.txt

file sorted written:/tmp/sorted/268.txt

file sorted written:/tmp/sorted/412.txt

file sorted written:/tmp/sorted/233.txt

file sorted written:/tmp/sorted/16.txt

file sorted written:/tmp/sorted/447.txt

file sorted written:/tmp/sorted/437.txt

file sorted written:/tmp/sorted/214.txt

file sorted written:/tmp/sorted/391.txt

file sorted written:/tmp/sorted/155.txt

file sorted written:/tmp/sorted/359.txt

file sorted written:/tmp/sorted/394.txt




file sorted written:/tmp/sorted/267.txt

file sorted written:/tmp/sorted/284.txt

file sorted written:/tmp/sorted/323.txt

file sorted written:/tmp/sorted/274.txt

file sorted written:/tmp/sorted/259.txt

file sorted written:/tmp/sorted/385.txt

file sorted written:/tmp/sorted/132.txt

file sorted written:/tmp/sorted/59.txt

file sorted written:/tmp/sorted/480.txt

file sorted written:/tmp/sorted/181.txt

file sorted written:/tmp/sorted/183.txt

file sorted written:/tmp/sorted/285.txt

file sorted written:/tmp/sorted/395.txt

file sorted written:/tmp/sorted/277.txt

file sorted written:/tmp/sorted/457.txt

file sorted written:/tmp/sorted/273.txt

file sorted written:/tmp/sorted/111.txt

file sorted written:/tmp/sorted/386.txt

file sorted written:/tmp/sorted/216.txt

file sorted written:/tmp/sorted/325.txt

file sorted written:/tmp/sorted/218.txt

file sorted written:/tmp/sorted/362.txt

file sorted written:/tmp/sorted/356.txt

file sorted written:/tmp/sorted/15.txt

file sorted written:/tmp/sorted/115.txt

file sorted written:/tmp/sorted/99.txt

file sorted written:/tmp/sorted/74.txt

file sorted written:/tmp/sorted/481.txt

file sorted written:/tmp/sorted/472.txt

file sorted written:/tmp/sorted/199.txt

file sorted written:/tmp/sorted/358.txt

file sorted written:/tmp/sorted/72.txt

file sorted written:/tmp/sorted/302.txt

file sorted written:/tmp/sorted/89.txt

file sorted written:/tmp/sorted/90.txt

file sorted written:/tmp/sorted/5.txt

file sorted written:/tmp/sorted/428.txt

file sorted written:/tmp/sorted/478.txt

file sorted written:/tmp/sorted/499.txt

file sorted written:/tmp/sorted/136.txt

file sorted written:/tmp/sorted/367.txt

file sorted written:/tmp/sorted/66.txt

file sorted written:/tmp/sorted/261.txt

file sorted written:/tmp/sorted/2.txt

file sorted written:/tmp/sorted/129.txt

file sorted written:/tmp/sorted/479.txt

file sorted written:/tmp/sorted/456.txt

file sorted written:/tmp/sorted/354.txt

file sorted written:/tmp/sorted/279.txt

file sorted written:/tmp/sorted/151.txt

file sorted written:/tmp/sorted/421.txt

file sorted written:/tmp/sorted/396.txt

file sorted written:/tmp/sorted/344.txt

file sorted written:/tmp/sorted/156.txt

file sorted written:/tmp/sorted/160.txt

file sorted written:/tmp/sorted/328.txt

file sorted written:/tmp/sorted/35.txt

file sorted written:/tmp/sorted/92.txt

file sorted written:/tmp/sorted/333.txt

file sorted written:/tmp/sorted/98.txt

file sorted written:/tmp/sorted/337.txt

file sorted written:/tmp/sorted/431.txt

file sorted written:/tmp/sorted/157.txt

file sorted written:/tmp/sorted/203.txt


file sorted written:/tmp/sorted/374.txt

file sorted written:/tmp/sorted/53.txt

file sorted written:/tmp/sorted/413.txt

file sorted written:/tmp/sorted/346.txt

file sorted written:/tmp/sorted/365.txt


file sorted written:/tmp/sorted/154.txt

file sorted written:/tmp/sorted/67.txt

file sorted written:/tmp/sorted/258.txt



file sorted written:/tmp/sorted/172.txt

file sorted written:/tmp/sorted/315.txt

file sorted written:/tmp/sorted/257.txt

file sorted written:/tmp/sorted/406.txt

file sorted written:/tmp/sorted/224.txt

file sorted written:/tmp/sorted/464.txt

file sorted written:/tmp/sorted/371.txt

file sorted written:/tmp/sorted/411.txt

file sorted written:/tmp/sorted/313.txt

file sorted written:/tmp/sorted/445.txt

file sorted written:/tmp/sorted/1.txt

file sorted written:/tmp/sorted/117.txt


file sorted written:/tmp/sorted/202.txt

file sorted written:/tmp/sorted/106.txt

file sorted written:/tmp/sorted/51.txt

file sorted written:/tmp/sorted/414.txt

file sorted written:/tmp/sorted/24.txt

file sorted written:/tmp/sorted/48.txt

file sorted written:/tmp/sorted/119.txt

file sorted written:/tmp/sorted/18.txt

file sorted written:/tmp/sorted/88.txt

file sorted written:/tmp/sorted/39.txt

file sorted written:/tmp/sorted/380.txt

file sorted written:/tmp/sorted/486.txt

file sorted written:/tmp/sorted/87.txt

file sorted written:/tmp/sorted/307.txt

file sorted written:/tmp/sorted/190.txt

file sorted written:/tmp/sorted/441.txt

file sorted written:/tmp/sorted/193.txt

file sorted written:/tmp/sorted/299.txt

file sorted written:/tmp/sorted/220.txt

file sorted written:/tmp/sorted/49.txt

file sorted written:/tmp/sorted/184.txt

file sorted written:/tmp/sorted/110.txt

file sorted written:/tmp/sorted/282.txt

file sorted written:/tmp/sorted/321.txt

file sorted written:/tmp/sorted/70.txt

file sorted written:/tmp/sorted/96.txt

file sorted written:/tmp/sorted/379.txt

file sorted written:/tmp/sorted/300.txt

file sorted written:/tmp/sorted/147.txt

file sorted written:/tmp/sorted/397.txt

file sorted written:/tmp/sorted/281.txt

file sorted written:/tmp/sorted/497.txt

file sorted written:/tmp/sorted/336.txt

file sorted written:/tmp/sorted/450.txt

file sorted written:/tmp/sorted/423.txt

file sorted written:/tmp/sorted/491.txt

file sorted written:/tmp/sorted/197.txt

file sorted written:/tmp/sorted/143.txt

file sorted written:/tmp/sorted/331.txt

file sorted written:/tmp/sorted/452.txt

file sorted written:/tmp/sorted/455.txt

file sorted written:/tmp/sorted/188.txt

file sorted written:/tmp/sorted/212.txt

file sorted written:/tmp/sorted/409.txt

file sorted written:/tmp/sorted/363.txt

file sorted written:/tmp/sorted/314.txt

file sorted written:/tmp/sorted/387.txt

file sorted written:/tmp/sorted/280.txt

file sorted written:/tmp/sorted/252.txt

file sorted written:/tmp/sorted/217.txt

file sorted written:/tmp/sorted/158.txt

file sorted written:/tmp/sorted/12.txt

file sorted written:/tmp/sorted/446.txt

file sorted written:/tmp/sorted/420.txt

file sorted written:/tmp/sorted/383.txt

file sorted written:/tmp/sorted/107.txt

file sorted written:/tmp/sorted/416.txt

file sorted written:/tmp/sorted/131.txt

file sorted written:/tmp/sorted/308.txt

file sorted written:/tmp/sorted/244.txt

file sorted written:/tmp/sorted/121.txt

file sorted written:/tmp/sorted/22.txt

file sorted written:/tmp/sorted/142.txt

file sorted written:/tmp/sorted/324.txt

file sorted written:/tmp/sorted/389.txt

file sorted written:/tmp/sorted/401.txt

file sorted written:/tmp/sorted/42.txt

file sorted written:/tmp/sorted/191.txt

file sorted written:/tmp/sorted/339.txt

file sorted written:/tmp/sorted/253.txt

file sorted written:/tmp/sorted/330.txt

file sorted written:/tmp/sorted/483.txt

file sorted written:/tmp/sorted/50.txt

file sorted written:/tmp/sorted/7.txt

file sorted written:/tmp/sorted/243.txt

file sorted written:/tmp/sorted/127.txt

file sorted written:/tmp/sorted/453.txt

file sorted written:/tmp/sorted/438.txt

file sorted written:/tmp/sorted/189.txt

file sorted written:/tmp/sorted/130.txt

file sorted written:/tmp/sorted/20.txt

file sorted written:/tmp/sorted/418.txt

file sorted written:/tmp/sorted/229.txt

file sorted written:/tmp/sorted/150.txt

file sorted written:/tmp/sorted/238.txt

file sorted written:/tmp/sorted/270.txt

file sorted written:/tmp/sorted/144.txt

file sorted written:/tmp/sorted/369.txt

file sorted written:/tmp/sorted/442.txt

file sorted written:/tmp/sorted/105.txt

file sorted written:/tmp/sorted/338.txt

file sorted written:/tmp/sorted/500.txt

delete sorted :/tmp/unsorted/204.txt

delete sorted :/tmp/unsorted/296.txt

delete sorted :/tmp/unsorted/227.txt

delete sorted :/tmp/unsorted/492.txt

delete sorted :/tmp/unsorted/231.txt

delete sorted :/tmp/unsorted/398.txt

delete sorted :/tmp/unsorted/232.txt

delete sorted :/tmp/unsorted/489.txt

delete sorted :/tmp/unsorted/138.txt

delete sorted :/tmp/unsorted/392.txt

delete sorted :/tmp/unsorted/187.txt

delete sorted :/tmp/unsorted/237.txt

delete sorted :/tmp/unsorted/113.txt

delete sorted :/tmp/unsorted/278.txt

delete sorted :/tmp/unsorted/173.txt

delete sorted :/tmp/unsorted/225.txt

delete sorted :/tmp/unsorted/236.txt

delete sorted :/tmp/unsorted/295.txt

delete sorted :/tmp/unsorted/125.txt

delete sorted :/tmp/unsorted/63.txt

delete sorted :/tmp/unsorted/474.txt

delete sorted :/tmp/unsorted/145.txt

delete sorted :/tmp/unsorted/292.txt

delete sorted :/tmp/unsorted/351.txt

delete sorted :/tmp/unsorted/298.txt

delete sorted :/tmp/unsorted/182.txt

delete sorted :/tmp/unsorted/432.txt

delete sorted :/tmp/unsorted/388.txt

delete sorted :/tmp/unsorted/319.txt

delete sorted :/tmp/unsorted/196.txt

delete sorted :/tmp/unsorted/451.txt

delete sorted :/tmp/unsorted/469.txt

delete sorted :/tmp/unsorted/62.txt

delete sorted :/tmp/unsorted/368.txt

delete sorted :/tmp/unsorted/44.txt

delete sorted :/tmp/unsorted/82.txt

delete sorted :/tmp/unsorted/332.txt

delete sorted :/tmp/unsorted/440.txt

delete sorted :/tmp/unsorted/460.txt

delete sorted :/tmp/unsorted/405.txt

delete sorted :/tmp/unsorted/83.txt

delete sorted :/tmp/unsorted/470.txt

delete sorted :/tmp/unsorted/52.txt

delete sorted :/tmp/unsorted/475.txt

delete sorted :/tmp/unsorted/320.txt

delete sorted :/tmp/unsorted/55.txt

delete sorted :/tmp/unsorted/195.txt

delete sorted :/tmp/unsorted/485.txt

delete sorted :/tmp/unsorted/221.txt

delete sorted :/tmp/unsorted/170.txt

delete sorted :/tmp/unsorted/342.txt

delete sorted :/tmp/unsorted/265.txt

delete sorted :/tmp/unsorted/104.txt

delete sorted :/tmp/unsorted/381.txt

delete sorted :/tmp/unsorted/175.txt

delete sorted :/tmp/unsorted/192.txt

delete sorted :/tmp/unsorted/116.txt

delete sorted :/tmp/unsorted/76.txt

delete sorted :/tmp/unsorted/490.txt

delete sorted :/tmp/unsorted/476.txt

delete sorted :/tmp/unsorted/240.txt

delete sorted :/tmp/unsorted/124.txt

delete sorted :/tmp/unsorted/60.txt

delete sorted :/tmp/unsorted/8.txt

delete sorted :/tmp/unsorted/410.txt

delete sorted :/tmp/unsorted/271.txt

delete sorted :/tmp/unsorted/86.txt

delete sorted :/tmp/unsorted/162.txt

delete sorted :/tmp/unsorted/146.txt

delete sorted :/tmp/unsorted/180.txt

delete sorted :/tmp/unsorted/275.txt

delete sorted :/tmp/unsorted/112.txt

delete sorted :/tmp/unsorted/161.txt

delete sorted :/tmp/unsorted/159.txt

delete sorted :/tmp/unsorted/254.txt

delete sorted :/tmp/unsorted/126.txt

delete sorted :/tmp/unsorted/430.txt

delete sorted :/tmp/unsorted/56.txt

delete sorted :/tmp/unsorted/174.txt

delete sorted :/tmp/unsorted/165.txt

delete sorted :/tmp/unsorted/215.txt

delete sorted :/tmp/unsorted/23.txt

delete sorted :/tmp/unsorted/14.txt

delete sorted :/tmp/unsorted/311.txt

delete sorted :/tmp/unsorted/288.txt

delete sorted :/tmp/unsorted/209.txt

delete sorted :/tmp/unsorted/349.txt

delete sorted :/tmp/unsorted/208.txt

delete sorted :/tmp/unsorted/335.txt

delete sorted :/tmp/unsorted/376.txt

delete sorted :/tmp/unsorted/343.txt

delete sorted :/tmp/unsorted/422.txt

delete sorted :/tmp/unsorted/425.txt

delete sorted :/tmp/unsorted/459.txt

delete sorted :/tmp/unsorted/353.txt

delete sorted :/tmp/unsorted/408.txt

delete sorted :/tmp/unsorted/443.txt

delete sorted :/tmp/unsorted/439.txt

delete sorted :/tmp/unsorted/473.txt

delete sorted :/tmp/unsorted/366.txt

delete sorted :/tmp/unsorted/4.txt

delete sorted :/tmp/unsorted/235.txt

delete sorted :/tmp/unsorted/433.txt

delete sorted :/tmp/unsorted/248.txt

delete sorted :/tmp/unsorted/140.txt

delete sorted :/tmp/unsorted/245.txt

delete sorted :/tmp/unsorted/153.txt

delete sorted :/tmp/unsorted/205.txt

delete sorted :/tmp/unsorted/287.txt

delete sorted :/tmp/unsorted/46.txt

delete sorted :/tmp/unsorted/301.txt

delete sorted :/tmp/unsorted/3.txt

delete sorted :/tmp/unsorted/290.txt

delete sorted :/tmp/unsorted/286.txt

delete sorted :/tmp/unsorted/226.txt

delete sorted :/tmp/unsorted/484.txt

delete sorted :/tmp/unsorted/276.txt

delete sorted :/tmp/unsorted/377.txt

delete sorted :/tmp/unsorted/36.txt

delete sorted :/tmp/unsorted/352.txt

delete sorted :/tmp/unsorted/47.txt

delete sorted :/tmp/unsorted/149.txt

delete sorted :/tmp/unsorted/10.txt

delete sorted :/tmp/unsorted/101.txt

delete sorted :/tmp/unsorted/9.txt

delete sorted :/tmp/unsorted/255.txt

delete sorted :/tmp/unsorted/434.txt

delete sorted :/tmp/unsorted/38.txt

delete sorted :/tmp/unsorted/466.txt

delete sorted :/tmp/unsorted/58.txt

delete sorted :/tmp/unsorted/393.txt

delete sorted :/tmp/unsorted/488.txt

delete sorted :/tmp/unsorted/246.txt

delete sorted :/tmp/unsorted/65.txt

delete sorted :/tmp/unsorted/305.txt

delete sorted :/tmp/unsorted/21.txt

delete sorted :/tmp/unsorted/348.txt

delete sorted :/tmp/unsorted/32.txt

delete sorted :/tmp/unsorted/37.txt

delete sorted :/tmp/unsorted/120.txt

delete sorted :/tmp/unsorted/291.txt

delete sorted :/tmp/unsorted/326.txt

delete sorted :/tmp/unsorted/207.txt

delete sorted :/tmp/unsorted/139.txt

delete sorted :/tmp/unsorted/164.txt

delete sorted :/tmp/unsorted/327.txt

delete sorted :/tmp/unsorted/84.txt

delete sorted :/tmp/unsorted/71.txt

delete sorted :/tmp/unsorted/404.txt

delete sorted :/tmp/unsorted/201.txt

delete sorted :/tmp/unsorted/95.txt

delete sorted :/tmp/unsorted/494.txt

delete sorted :/tmp/unsorted/496.txt

delete sorted :/tmp/unsorted/163.txt

delete sorted :/tmp/unsorted/378.txt

delete sorted :/tmp/unsorted/263.txt

delete sorted :/tmp/unsorted/448.txt

delete sorted :/tmp/unsorted/148.txt

delete sorted :/tmp/unsorted/75.txt

delete sorted :/tmp/unsorted/435.txt

delete sorted :/tmp/unsorted/250.txt

delete sorted :/tmp/unsorted/260.txt

delete sorted :/tmp/unsorted/152.txt

delete sorted :/tmp/unsorted/415.txt

delete sorted :/tmp/unsorted/262.txt

delete sorted :/tmp/unsorted/357.txt

delete sorted :/tmp/unsorted/54.txt

delete sorted :/tmp/unsorted/269.txt

delete sorted :/tmp/unsorted/114.txt

delete sorted :/tmp/unsorted/309.txt

delete sorted :/tmp/unsorted/17.txt

delete sorted :/tmp/unsorted/69.txt

delete sorted :/tmp/unsorted/211.txt

delete sorted :/tmp/unsorted/176.txt

delete sorted :/tmp/unsorted/345.txt

delete sorted :/tmp/unsorted/461.txt

delete sorted :/tmp/unsorted/444.txt

delete sorted :/tmp/unsorted/93.txt

delete sorted :/tmp/unsorted/303.txt

delete sorted :/tmp/unsorted/64.txt

delete sorted :/tmp/unsorted/390.txt

delete sorted :/tmp/unsorted/179.txt

delete sorted :/tmp/unsorted/128.txt

delete sorted :/tmp/unsorted/424.txt

delete sorted :/tmp/unsorted/206.txt

delete sorted :/tmp/unsorted/449.txt

delete sorted :/tmp/unsorted/293.txt

delete sorted :/tmp/unsorted/135.txt

delete sorted :/tmp/unsorted/312.txt

delete sorted :/tmp/unsorted/403.txt

delete sorted :/tmp/unsorted/102.txt

delete sorted :/tmp/unsorted/77.txt

delete sorted :/tmp/unsorted/137.txt

delete sorted :/tmp/unsorted/329.txt

delete sorted :/tmp/unsorted/382.txt

delete sorted :/tmp/unsorted/454.txt

delete sorted :/tmp/unsorted/283.txt

delete sorted :/tmp/unsorted/407.txt

delete sorted :/tmp/unsorted/80.txt

delete sorted :/tmp/unsorted/81.txt

delete sorted :/tmp/unsorted/210.txt

delete sorted :/tmp/unsorted/57.txt

delete sorted :/tmp/unsorted/417.txt

delete sorted :/tmp/unsorted/350.txt

delete sorted :/tmp/unsorted/78.txt

delete sorted :/tmp/unsorted/6.txt

delete sorted :/tmp/unsorted/30.txt

delete sorted :/tmp/unsorted/316.txt

delete sorted :/tmp/unsorted/341.txt

delete sorted :/tmp/unsorted/372.txt

delete sorted :/tmp/unsorted/426.txt

delete sorted :/tmp/unsorted/310.txt

delete sorted :/tmp/unsorted/370.txt

delete sorted :/tmp/unsorted/402.txt

delete sorted :/tmp/unsorted/347.txt

delete sorted :/tmp/unsorted/33.txt

delete sorted :/tmp/unsorted/97.txt

delete sorted :/tmp/unsorted/458.txt

delete sorted :/tmp/unsorted/178.txt

delete sorted :/tmp/unsorted/28.txt

delete sorted :/tmp/unsorted/13.txt

delete sorted :/tmp/unsorted/61.txt

delete sorted :/tmp/unsorted/297.txt

delete sorted :/tmp/unsorted/34.txt

delete sorted :/tmp/unsorted/361.txt

delete sorted :/tmp/unsorted/463.txt

delete sorted :/tmp/unsorted/498.txt

delete sorted :/tmp/unsorted/364.txt

delete sorted :/tmp/unsorted/493.txt

delete sorted :/tmp/unsorted/25.txt

delete sorted :/tmp/unsorted/322.txt

delete sorted :/tmp/unsorted/477.txt

delete sorted :/tmp/unsorted/373.txt

delete sorted :/tmp/unsorted/198.txt

delete sorted :/tmp/unsorted/103.txt

delete sorted :/tmp/unsorted/400.txt

delete sorted :/tmp/unsorted/266.txt

delete sorted :/tmp/unsorted/31.txt

delete sorted :/tmp/unsorted/429.txt

delete sorted :/tmp/unsorted/465.txt

delete sorted :/tmp/unsorted/249.txt

delete sorted :/tmp/unsorted/171.txt

delete sorted :/tmp/unsorted/304.txt

delete sorted :/tmp/unsorted/467.txt

delete sorted :/tmp/unsorted/219.txt

delete sorted :/tmp/unsorted/294.txt

delete sorted :/tmp/unsorted/177.txt

delete sorted :/tmp/unsorted/109.txt

delete sorted :/tmp/unsorted/306.txt

delete sorted :/tmp/unsorted/317.txt

delete sorted :/tmp/unsorted/167.txt

delete sorted :/tmp/unsorted/169.txt

delete sorted :/tmp/unsorted/200.txt

delete sorted :/tmp/unsorted/289.txt

delete sorted :/tmp/unsorted/133.txt

delete sorted :/tmp/unsorted/334.txt

delete sorted :/tmp/unsorted/384.txt

delete sorted :/tmp/unsorted/85.txt

delete sorted :/tmp/unsorted/264.txt

delete sorted :/tmp/unsorted/487.txt

delete sorted :/tmp/unsorted/482.txt

delete sorted :/tmp/unsorted/186.txt

delete sorted :/tmp/unsorted/340.txt

delete sorted :/tmp/unsorted/11.txt

delete sorted :/tmp/unsorted/247.txt

delete sorted :/tmp/unsorted/168.txt

delete sorted :/tmp/unsorted/27.txt

delete sorted :/tmp/unsorted/43.txt

delete sorted :/tmp/unsorted/134.txt

delete sorted :/tmp/unsorted/427.txt

delete sorted :/tmp/unsorted/495.txt

delete sorted :/tmp/unsorted/194.txt

delete sorted :/tmp/unsorted/375.txt

delete sorted :/tmp/unsorted/118.txt

delete sorted :/tmp/unsorted/91.txt

delete sorted :/tmp/unsorted/185.txt

delete sorted :/tmp/unsorted/222.txt

delete sorted :/tmp/unsorted/123.txt

delete sorted :/tmp/unsorted/141.txt

delete sorted :/tmp/unsorted/251.txt

delete sorted :/tmp/unsorted/436.txt

delete sorted :/tmp/unsorted/471.txt

delete sorted :/tmp/unsorted/40.txt

delete sorted :/tmp/unsorted/230.txt

delete sorted :/tmp/unsorted/468.txt

delete sorted :/tmp/unsorted/318.txt

delete sorted :/tmp/unsorted/223.txt

delete sorted :/tmp/unsorted/239.txt

delete sorted :/tmp/unsorted/41.txt

delete sorted :/tmp/unsorted/419.txt

delete sorted :/tmp/unsorted/228.txt

delete sorted :/tmp/unsorted/234.txt

delete sorted :/tmp/unsorted/399.txt

delete sorted :/tmp/unsorted/213.txt

delete sorted :/tmp/unsorted/355.txt

delete sorted :/tmp/unsorted/26.txt

delete sorted :/tmp/unsorted/122.txt

delete sorted :/tmp/unsorted/45.txt

delete sorted :/tmp/unsorted/462.txt

delete sorted :/tmp/unsorted/68.txt

delete sorted :/tmp/unsorted/360.txt

delete sorted :/tmp/unsorted/272.txt

delete sorted :/tmp/unsorted/79.txt

delete sorted :/tmp/unsorted/241.txt

delete sorted :/tmp/unsorted/94.txt

delete sorted :/tmp/unsorted/108.txt

delete sorted :/tmp/unsorted/256.txt

delete sorted :/tmp/unsorted/100.txt

delete sorted :/tmp/unsorted/166.txt

delete sorted :/tmp/unsorted/19.txt

delete sorted :/tmp/unsorted/242.txt

delete sorted :/tmp/unsorted/29.txt

delete sorted :/tmp/unsorted/73.txt

delete sorted :/tmp/unsorted/214.txt

delete sorted :/tmp/unsorted/391.txt

delete sorted :/tmp/unsorted/394.txt

delete sorted :/tmp/unsorted/16.txt

delete sorted :/tmp/unsorted/437.txt

delete sorted :/tmp/unsorted/359.txt

delete sorted :/tmp/unsorted/155.txt

delete sorted :/tmp/unsorted/268.txt

delete sorted :/tmp/unsorted/447.txt

delete sorted :/tmp/unsorted/233.txt

delete sorted :/tmp/unsorted/412.txt

delete sorted :/tmp/unsorted/59.txt

delete sorted :/tmp/unsorted/284.txt

delete sorted :/tmp/unsorted/132.txt

delete sorted :/tmp/unsorted/259.txt

delete sorted :/tmp/unsorted/183.txt

delete sorted :/tmp/unsorted/480.txt

delete sorted :/tmp/unsorted/181.txt

delete sorted :/tmp/unsorted/285.txt

delete sorted :/tmp/unsorted/323.txt

delete sorted :/tmp/unsorted/274.txt

delete sorted :/tmp/unsorted/385.txt

delete sorted :/tmp/unsorted/267.txt

delete sorted :/tmp/unsorted/362.txt

delete sorted :/tmp/unsorted/277.txt

delete sorted :/tmp/unsorted/15.txt

delete sorted :/tmp/unsorted/216.txt

delete sorted :/tmp/unsorted/386.txt

delete sorted :/tmp/unsorted/395.txt

delete sorted :/tmp/unsorted/111.txt

delete sorted :/tmp/unsorted/273.txt

delete sorted :/tmp/unsorted/457.txt

delete sorted :/tmp/unsorted/356.txt

delete sorted :/tmp/unsorted/218.txt

delete sorted :/tmp/unsorted/325.txt

delete sorted :/tmp/unsorted/481.txt

delete sorted :/tmp/unsorted/302.txt

delete sorted :/tmp/unsorted/115.txt

delete sorted :/tmp/unsorted/472.txt

delete sorted :/tmp/unsorted/89.txt

delete sorted :/tmp/unsorted/358.txt

delete sorted :/tmp/unsorted/199.txt

delete sorted :/tmp/unsorted/90.txt

delete sorted :/tmp/unsorted/72.txt

delete sorted :/tmp/unsorted/5.txt

delete sorted :/tmp/unsorted/99.txt

delete sorted :/tmp/unsorted/74.txt

delete sorted :/tmp/unsorted/367.txt

delete sorted :/tmp/unsorted/478.txt

delete sorted :/tmp/unsorted/136.txt

delete sorted :/tmp/unsorted/499.txt

delete sorted :/tmp/unsorted/354.txt

delete sorted :/tmp/unsorted/261.txt

delete sorted :/tmp/unsorted/2.txt

delete sorted :/tmp/unsorted/456.txt

delete sorted :/tmp/unsorted/129.txt

delete sorted :/tmp/unsorted/479.txt

delete sorted :/tmp/unsorted/428.txt

delete sorted :/tmp/unsorted/66.txt

delete sorted :/tmp/unsorted/279.txt

delete sorted :/tmp/unsorted/421.txt

delete sorted :/tmp/unsorted/151.txt

delete sorted :/tmp/unsorted/156.txt

delete sorted :/tmp/unsorted/98.txt

delete sorted :/tmp/unsorted/92.txt

delete sorted :/tmp/unsorted/328.txt

delete sorted :/tmp/unsorted/35.txt

delete sorted :/tmp/unsorted/396.txt

delete sorted :/tmp/unsorted/344.txt

delete sorted :/tmp/unsorted/333.txt

delete sorted :/tmp/unsorted/160.txt

delete sorted :/tmp/unsorted/337.txt

delete sorted :/tmp/unsorted/374.txt

delete sorted :/tmp/unsorted/365.txt

delete sorted :/tmp/unsorted/67.txt

delete sorted :/tmp/unsorted/431.txt

delete sorted :/tmp/unsorted/413.txt

delete sorted :/tmp/unsorted/346.txt

delete sorted :/tmp/unsorted/154.txt

delete sorted :/tmp/unsorted/53.txt

delete sorted :/tmp/unsorted/258.txt

delete sorted :/tmp/unsorted/203.txt

delete sorted :/tmp/unsorted/157.txt

delete sorted :/tmp/unsorted/445.txt

delete sorted :/tmp/unsorted/224.txt

delete sorted :/tmp/unsorted/172.txt

delete sorted :/tmp/unsorted/315.txt

delete sorted :/tmp/unsorted/406.txt

delete sorted :/tmp/unsorted/257.txt

delete sorted :/tmp/unsorted/371.txt

delete sorted :/tmp/unsorted/1.txt

delete sorted :/tmp/unsorted/411.txt

delete sorted :/tmp/unsorted/464.txt

delete sorted :/tmp/unsorted/313.txt

delete sorted :/tmp/unsorted/117.txt

delete sorted :/tmp/unsorted/414.txt

delete sorted :/tmp/unsorted/119.txt

delete sorted :/tmp/unsorted/48.txt

delete sorted :/tmp/unsorted/88.txt

delete sorted :/tmp/unsorted/51.txt

delete sorted :/tmp/unsorted/24.txt

delete sorted :/tmp/unsorted/486.txt

delete sorted :/tmp/unsorted/39.txt

delete sorted :/tmp/unsorted/202.txt

delete sorted :/tmp/unsorted/18.txt

delete sorted :/tmp/unsorted/106.txt

delete sorted :/tmp/unsorted/380.txt

delete sorted :/tmp/unsorted/307.txt

delete sorted :/tmp/unsorted/49.txt

delete sorted :/tmp/unsorted/190.txt

delete sorted :/tmp/unsorted/193.txt

delete sorted :/tmp/unsorted/220.txt

delete sorted :/tmp/unsorted/184.txt

delete sorted :/tmp/unsorted/299.txt

delete sorted :/tmp/unsorted/87.txt

delete sorted :/tmp/unsorted/110.txt

delete sorted :/tmp/unsorted/282.txt

delete sorted :/tmp/unsorted/321.txt

delete sorted :/tmp/unsorted/441.txt

delete sorted :/tmp/unsorted/147.txt

delete sorted :/tmp/unsorted/70.txt

delete sorted :/tmp/unsorted/281.txt

delete sorted :/tmp/unsorted/96.txt

delete sorted :/tmp/unsorted/379.txt

delete sorted :/tmp/unsorted/497.txt

delete sorted :/tmp/unsorted/491.txt

delete sorted :/tmp/unsorted/450.txt

delete sorted :/tmp/unsorted/300.txt

delete sorted :/tmp/unsorted/397.txt

delete sorted :/tmp/unsorted/423.txt

delete sorted :/tmp/unsorted/336.txt

delete sorted :/tmp/unsorted/143.txt

delete sorted :/tmp/unsorted/455.txt

delete sorted :/tmp/unsorted/212.txt

delete sorted :/tmp/unsorted/452.txt

delete sorted :/tmp/unsorted/314.txt

delete sorted :/tmp/unsorted/280.txt

delete sorted :/tmp/unsorted/188.txt

delete sorted :/tmp/unsorted/363.txt

delete sorted :/tmp/unsorted/387.txt

delete sorted :/tmp/unsorted/331.txt

delete sorted :/tmp/unsorted/409.txt

delete sorted :/tmp/unsorted/197.txt

delete sorted :/tmp/unsorted/158.txt

delete sorted :/tmp/unsorted/217.txt

delete sorted :/tmp/unsorted/446.txt

delete sorted :/tmp/unsorted/252.txt

delete sorted :/tmp/unsorted/308.txt

delete sorted :/tmp/unsorted/131.txt

delete sorted :/tmp/unsorted/420.txt

delete sorted :/tmp/unsorted/12.txt

delete sorted :/tmp/unsorted/383.txt

delete sorted :/tmp/unsorted/416.txt

delete sorted :/tmp/unsorted/244.txt

delete sorted :/tmp/unsorted/107.txt

delete sorted :/tmp/unsorted/339.txt

delete sorted :/tmp/unsorted/401.txt

delete sorted :/tmp/unsorted/142.txt

delete sorted :/tmp/unsorted/22.txt

delete sorted :/tmp/unsorted/483.txt

delete sorted :/tmp/unsorted/191.txt

delete sorted :/tmp/unsorted/330.txt

delete sorted :/tmp/unsorted/121.txt

delete sorted :/tmp/unsorted/389.txt

delete sorted :/tmp/unsorted/253.txt

delete sorted :/tmp/unsorted/324.txt

delete sorted :/tmp/unsorted/42.txt

delete sorted :/tmp/unsorted/7.txt

delete sorted :/tmp/unsorted/243.txt

delete sorted :/tmp/unsorted/50.txt

delete sorted :/tmp/unsorted/189.txt

delete sorted :/tmp/unsorted/418.txt

delete sorted :/tmp/unsorted/127.txt

delete sorted :/tmp/unsorted/453.txt

delete sorted :/tmp/unsorted/150.txt

delete sorted :/tmp/unsorted/130.txt

delete sorted :/tmp/unsorted/438.txt

delete sorted :/tmp/unsorted/229.txt

delete sorted :/tmp/unsorted/20.txt

delete sorted :/tmp/unsorted/105.txt

delete sorted :/tmp/unsorted/238.txt

delete sorted :/tmp/unsorted/338.txt

delete sorted :/tmp/unsorted/144.txt

delete sorted :/tmp/unsorted/270.txt

delete sorted :/tmp/unsorted/369.txt

delete sorted :/tmp/unsorted/500.txt

delete sorted :/tmp/unsorted/442.txt



Eof
Eof
Eof
Eof
Eof
Eof
Eof
Eof
Eof
Eof
Eof
Eof
Eof
Eof
Eof
Eof
Eof
Eof
Eof
Eof
Eof
Eof
Eof
Eof
Eof
Eof
Eof
Eof
Eof
Eof
Eof
Eof
Eof
Eof
Eof
Eof
Eof
Eof
Eof
Eof
Eof
Eof
Eof
Eof
Eof
Eof
Eof
Eof
Eof
Eof
Eof
Eof
Eof
Eof
Eof
Eof
Eof
Eof
Eof
Eof
Eof
Eof
Eof
Eof
Eof
Eof
Eof
Eof
Eof
Eof
Eof
Eof
Eof
Eof
Eof
Eof
Eof
Eof
Eof
Eof
Eof
Eof
Eof
Eof
Eof
Eof
Eof
Eof
Eof
Eof
Eof
Eof
Eof
Eof
Eof
Eof
Eof
Eof
Eof
Eof
Eof
Eof
Eof
Eof
Eof
Eof
Eof
Eof
Eof
Eof
Eof
Eof
Eof
Eof
Eof
Eof
Eof
Eof
Eof
Eof
Eof
Eof
Eof
Eof
Eof
Eof
Eof
Eof
Eof
Eof
Eof
Eof
Eof
Eof
Eof
Eof
Eof
Eof
Eof
Eof
Eof
Eof
Eof
Eof
Eof
Eof
Eof
Eof
Eof
Eof
Eof
Eof
Eof
Eof
Eof
Eof
Eof
Eof
Eof
Eof
Eof
Eof
Eof
Eof
Eof
Eof
Eof
Eof
Eof
Eof
Eof
Eof
Eof
Eof
Eof
Eof
Eof
Eof
Eof
Eof
Eof
Eof
Eof
Eof
Eof
Eof
Eof
Eof
Eof
Eof
Eof
Eof
Eof
Eof
Eof
Eof
Eof
Eof
Eof
Eof
Eof
Eof
Eof
Eof
Eof
Eof
Eof
Eof
Eof
Eof
Eof
Eof
Eof
Eof
Eof
Eof
Eof
Eof
Eof
Eof
Eof
Eof
Eof
Eof
Eof
Eof
Eof
Eof
Eof
Eof
Eof
Eof
Eof
Eof
Eof
Eof
Eof
Eof
Eof
Eof
Eof
Eof
Eof
Eof
Eof
Eof
Eof
Eof
Eof
Eof
Eof
Eof
Eof
Eof
Eof
Eof
Eof
Eof
Eof
Eof
Eof
Eof
Eof
Eof
Eof
Eof
Eof
Eof
Eof
Eof
Eof
Eof
Eof
Eof
Eof
Eof
Eof
Eof
Eof
Eof
Eof
Eof
Eof
Eof
Eof
Eof
Eof
Eof
Eof
Eof
Eof
Eof
Eof
Eof
Eof
Eof
Eof
Eof
Eof
Eof
Eof
Eof
Eof
Eof
Eof
Eof
Eof
Eof
Eof
Eof
Eof
Eof
Eof
Eof
Eof
Eof
Eof
Eof
Eof
Eof
Eof
Eof
Eof
Eof
Eof
Eof
Eof
Eof
Eof
Eof
Eof
Eof
Eof
Eof
Eof
Eof
Eof
Eof
Eof
Eof
Eof
Eof
Eof
Eof
Eof
Eof
Eof
Eof
Eof
Eof
Eof
Eof
Eof
Eof
Eof
Eof
Eof
Eof
Eof
Eof
Eof
Eof
Eof
Eof
Eof
Eof
Eof
Eof
Eof
Eof
Eof
Eof
Eof
Eof
Eof
Eof
Eof
Eof
Eof
Eof
Eof
Eof
Eof
Eof
Eof
Eof
Eof
Eof
Eof
Eof
Eof
Eof
Eof
Eof
Eof
Eof
Eof
Eof
Eof
Eof
Eof
Eof
Eof
Eof
Eof
Eof
Eof
Eof
Eof
Eof
Eof
Eof
Eof
Eof
Eof
Eof
Eof
Eof
Eof
Eof
Eof
Eof
Eof
Eof
Eof
Eof
Eof
Eof
Eof
Eof
Eof
Eof
Eof
Eof
Eof
Eof
Eof
Eof
Eof
Eof
Eof
Eof
Eof
Eof
Eof
Eof
Eof
Eof
Eof
Eof
Eof
Eof
Eof
Eof
Eof
Eof
Eof
Eof
Eof
Eof
Eof
Eof
Eof
Eof
Eof
Eof
Eof
Eof
Eof
Eof
Eof
Eof
Eof
Eof
Eof
Eof
Eof
Eof
Eof
Eof
Eof
Eof
Eof
Eof
Eof
Eof
Eof
Eof
Eof
Eof
Eof
Eof
Eof
Eof
Eof
Eof
Eof
Eof
Eof
Eof

real	18m13.700s
user	40m3.068s
sys	2m36.840s
end sorting
srun: Force Terminated job 4352
srun: Job step aborted: Waiting up to 32 seconds for job step to finish.

